2023.06.27 10:41:39 INFO  Started: Metals version 0.11.12 in workspace 'C:\Users\WIM-ESP025\training\ScalaWorkshop2' for client Visual Studio Code 1.79.2.
Jun 27, 2023 10:41:39 AM org.flywaydb.core.internal.license.VersionPrinter printVersionOnly
INFO: Flyway Community Edition 9.16.3 by Redgate
Jun 27, 2023 10:41:39 AM org.flywaydb.core.internal.license.VersionPrinter printVersion
INFO: See release notes here: https://rd.gt/416ObMi
Jun 27, 2023 10:41:39 AM org.flywaydb.core.internal.license.VersionPrinter printVersion
INFO: 
Jun 27, 2023 10:41:40 AM org.flywaydb.core.internal.database.base.BaseDatabaseType createDatabase
INFO: Database: jdbc:h2:file:C:\Users\WIM-ESP025\training\ScalaWorkshop2\.metals\metals (H2 2.1)
Jun 27, 2023 10:41:40 AM org.flywaydb.core.internal.schemahistory.JdbcTableSchemaHistory allAppliedMigrations
INFO: Schema history table "PUBLIC"."flyway_schema_history" does not exist yet
Jun 27, 2023 10:41:40 AM org.flywaydb.core.internal.command.DbValidate validate
INFO: Successfully validated 4 migrations (execution time 00:00.044s)
Jun 27, 2023 10:41:40 AM org.flywaydb.core.internal.schemahistory.JdbcTableSchemaHistory create
INFO: Creating Schema History table "PUBLIC"."flyway_schema_history" ...
Jun 27, 2023 10:41:40 AM org.flywaydb.core.internal.command.DbMigrate migrateGroup
INFO: Current version of schema "PUBLIC": << Empty Schema >>
Jun 27, 2023 10:41:40 AM org.flywaydb.core.internal.command.DbMigrate doMigrateGroup
INFO: Migrating schema "PUBLIC" to version "1 - Create tables"
Jun 27, 2023 10:41:40 AM org.flywaydb.core.internal.command.DbMigrate doMigrateGroup
INFO: Migrating schema "PUBLIC" to version "2 - Server discovery"
Jun 27, 2023 10:41:40 AM org.flywaydb.core.internal.command.DbMigrate doMigrateGroup
INFO: Migrating schema "PUBLIC" to version "3 - Jar symbols"
Jun 27, 2023 10:41:40 AM org.flywaydb.core.internal.command.DbMigrate doMigrateGroup
INFO: Migrating schema "PUBLIC" to version "4 - Fingerprints"
Jun 27, 2023 10:41:40 AM org.flywaydb.core.internal.command.DbMigrate logSummary
INFO: Successfully applied 4 migrations to schema "PUBLIC", now at version v4 (execution time 00:00.135s)
2023.06.27 10:41:40 INFO  time: initialize in 1.5s
2023.06.27 10:41:44 WARN  Build server is not auto-connectable.
2023.06.27 10:41:44 WARN  no build tool detected in workspace 'C:\Users\WIM-ESP025\training\ScalaWorkshop2'. The most common cause for this problem is that the editor was opened in the wrong working directory, for example if you use sbt then the workspace directory should contain build.sbt. 
2023.06.27 10:41:44 WARN  no build target for: C:\Users\WIM-ESP025\training\ScalaWorkshop2\frequentlyOccuring.scala
2023.06.27 10:41:51 INFO  no build target found for C:\Users\WIM-ESP025\training\ScalaWorkshop2\frequentlyOccuring.scala. Using presentation compiler with project's scala-library version: 3.2.2
2023.06.27 10:41:54 INFO  time: code lens generation in 3.95s
2023.06.27 10:46:35 INFO  Shutting down server
2023.06.27 10:46:35 INFO  shutting down Metals
2023.06.27 10:46:35 INFO  Exiting server
2023.06.27 10:46:59 INFO  Started: Metals version 0.11.12 in workspace 'C:\Users\WIM-ESP025\training\ScalaWorkshop2' for client Visual Studio Code 1.79.2.
Jun 27, 2023 10:46:59 AM org.flywaydb.core.internal.license.VersionPrinter printVersionOnly
INFO: Flyway Community Edition 9.16.3 by Redgate
Jun 27, 2023 10:46:59 AM org.flywaydb.core.internal.license.VersionPrinter printVersion
INFO: See release notes here: https://rd.gt/416ObMi
Jun 27, 2023 10:46:59 AM org.flywaydb.core.internal.license.VersionPrinter printVersion
INFO: 
Jun 27, 2023 10:47:00 AM org.flywaydb.core.internal.database.base.BaseDatabaseType createDatabase
INFO: Database: jdbc:h2:file:C:\Users\WIM-ESP025\training\ScalaWorkshop2\.metals\metals (H2 2.1)
Jun 27, 2023 10:47:00 AM org.flywaydb.core.internal.command.DbValidate validate
INFO: Successfully validated 4 migrations (execution time 00:00.016s)
Jun 27, 2023 10:47:00 AM org.flywaydb.core.internal.command.DbMigrate migrateGroup
INFO: Current version of schema "PUBLIC": 4
Jun 27, 2023 10:47:00 AM org.flywaydb.core.internal.command.DbMigrate logSummary
INFO: Schema "PUBLIC" is up to date. No migration necessary.
2023.06.27 10:47:00 INFO  time: initialize in 0.47s
Jun 27, 2023 10:47:01 AM org.eclipse.lsp4j.jsonrpc.RemoteEndpoint handleCancellation
WARNING: Unmatched cancel notification for request id 1
2023.06.27 10:47:01 WARN  Build server is not auto-connectable.
Jun 27, 2023 10:47:01 AM org.eclipse.lsp4j.jsonrpc.RemoteEndpoint handleCancellation
WARNING: Unmatched cancel notification for request id 2
2023.06.27 10:47:01 WARN  no build tool detected in workspace 'C:\Users\WIM-ESP025\training\ScalaWorkshop2'. The most common cause for this problem is that the editor was opened in the wrong working directory, for example if you use sbt then the workspace directory should contain build.sbt. 
2023.06.27 10:47:01 WARN  no build target for: C:\Users\WIM-ESP025\training\ScalaWorkshop2\frequentlyOccuring.scala
2023.06.27 10:47:03 INFO  no build target found for C:\Users\WIM-ESP025\training\ScalaWorkshop2\frequentlyOccuring.scala. Using presentation compiler with project's scala-library version: 3.2.2
2023.06.27 10:47:03 INFO  time: code lens generation in 2.57s
2023.06.27 10:47:04 INFO  time: code lens generation in 2.52s
Jun 27, 2023 10:47:40 AM org.eclipse.lsp4j.jsonrpc.RemoteEndpoint handleCancellation
WARNING: Unmatched cancel notification for request id 221
2023.06.27 10:48:47 WARN  no build target for: C:\Users\WIM-ESP025\training\ScalaWorkshop2\frequentlyOccuring.scala
2023.06.27 10:50:38 WARN  no build target for: C:\Users\WIM-ESP025\training\ScalaWorkshop2\frequentlyOccuring.scala
2023.07.01 13:21:29 WARN  no build target for: C:\Users\WIM-ESP025\training\ScalaWorkshop2\frequentlyOccuring.scala
2023.07.01 13:22:31 WARN  no build target for: C:\Users\WIM-ESP025\training\ScalaWorkshop2\frequentlyOccuring.scala
2023.07.01 13:23:13 WARN  no build target for: C:\Users\WIM-ESP025\training\ScalaWorkshop2\frequentlyOccuring.scala
2023.07.01 13:23:39 WARN  no build target for: C:\Users\WIM-ESP025\training\ScalaWorkshop2\frequentlyOccuring.scala
2023.07.01 13:24:27 WARN  no build target for: C:\Users\WIM-ESP025\training\ScalaWorkshop2\frequentlyOccuring.scala
2023.07.01 13:25:39 WARN  no build target for: C:\Users\WIM-ESP025\training\ScalaWorkshop2\frequentlyOccuring.scala
2023.07.01 13:25:57 WARN  no build target for: C:\Users\WIM-ESP025\training\ScalaWorkshop2\frequentlyOccuring.scala
2023.07.01 13:28:48 WARN  no build target for: C:\Users\WIM-ESP025\training\ScalaWorkshop2\frequentlyOccuring.scala
2023.07.01 13:29:05 WARN  no build target for: C:\Users\WIM-ESP025\training\ScalaWorkshop2\frequentlyOccuring.scala
2023.07.01 13:29:36 WARN  no build target for: C:\Users\WIM-ESP025\training\ScalaWorkshop2\frequentlyOccuring.scala
2023.07.01 13:29:51 WARN  no build target for: C:\Users\WIM-ESP025\training\ScalaWorkshop2\frequentlyOccuring.scala
2023.07.01 13:31:39 WARN  no build target for: C:\Users\WIM-ESP025\training\ScalaWorkshop2\frequentlyOccuring.scala
Jul 01, 2023 1:32:31 PM org.eclipse.lsp4j.jsonrpc.RemoteEndpoint handleCancellation
WARNING: Unmatched cancel notification for request id 1308
2023.07.01 13:32:35 WARN  no build target for: C:\Users\WIM-ESP025\training\ScalaWorkshop2\frequentlyOccuring.scala
2023.07.01 13:32:57 WARN  no build target for: C:\Users\WIM-ESP025\training\ScalaWorkshop2\frequentlyOccuring.scala
